<?xml version="1.0" encoding="UTF-8"?>
<!-- Generated by org.testng.reporters.JUnitXMLReporter -->
<testsuite ignored="0" hostname="DESKTOP-H7F0JOM" failures="1" tests="1" name="Default test" time="11.211" errors="0" timestamp="2023-09-27T15:45:46 EEST">
  <testcase classname="lv493taqc.opencard.tests.SmokeTest" name="unsuccessfulRegister" time="3.229">
    <failure type="org.openqa.selenium.UnhandledAlertException" message="unexpected alert open: {Alert text : SyntaxError: Unexpected token &amp;apos;&amp;lt;&amp;apos;, &amp;quot;&amp;lt;b&amp;gt;Unknown&amp;quot;... is not valid JSON
OK
&amp;lt;b&amp;gt;Unknown&amp;lt;/b&amp;gt;: Creation of dynamic property Proxy::$getEvents is deprecated in &amp;lt;b&amp;gt;/home/vol10_2/epizy.com/epiz_22947413/htdocs/system/engine/proxy.php&amp;lt;/b&amp;gt; on line &amp;lt;b&amp;gt;8&amp;lt;/b&amp;gt;&amp;lt;b&amp;gt;Unknown&amp;lt;/b&amp;gt;: Creation of dynamic property Proxy::$__construct is deprecated in &amp;lt;b&amp;gt;/home/vol10_2/epizy.com/epiz_22947413/htdocs/system/engine/proxy.php&amp;lt;/b&amp;gt; on line &amp;lt;b&amp;gt;8&amp;lt;/b&amp;gt;&amp;lt;b&amp;gt;Unknown&amp;lt;/b&amp;gt;: Creation of dynamic property Proxy::$__get is deprecated in &amp;lt;b&amp;gt;/home/vol10_2/epizy.com/epiz_22947413/htdocs/system/engine/proxy.php&amp;lt;/b&amp;gt; on line &amp;lt;b&amp;gt;8&amp;lt;/b&amp;gt;&amp;lt;b&amp;gt;Unknown&amp;lt;/b&amp;gt;: Creation of dynamic property Proxy::$__set is deprecated in &amp;lt;b&amp;gt;/home/vol10_2/epizy.com/epiz_22947413/htdocs/system/engine/proxy.php&amp;lt;/b&amp;gt; on line &amp;lt;b&amp;gt;8&amp;lt;/b&amp;gt;&amp;lt;b&amp;gt;Unknown&amp;lt;/b&amp;gt;: Creation of dynamic property Proxy::$getCustomField is deprecated in &amp;lt;b&amp;gt;/home/vol10_2/epizy.com/epiz_22947413/htdocs/system/engine/proxy.php&amp;lt;/b&amp;gt; on line &amp;lt;b&amp;gt;8&amp;lt;/b&amp;gt;&amp;lt;b&amp;gt;Unknown&amp;lt;/b&amp;gt;: Creation of dynamic property Proxy::$getCustomFields is deprecated in &amp;lt;b&amp;gt;/home/vol10_2/epizy.com/epiz_22947413/htdocs/system/engine/proxy.php&amp;lt;/b&amp;gt; on line &amp;lt;b&amp;gt;8&amp;lt;/b&amp;gt;&amp;lt;b&amp;gt;Unknown&amp;lt;/b&amp;gt;: Creation of dynamic property Proxy::$__construct is deprecated in &amp;lt;b&amp;gt;/home/vol10_2/epizy.com/epiz_22947413/htdocs/system/engine/proxy.php&amp;lt;/b&amp;gt; on line &amp;lt;b&amp;gt;8&amp;lt;/b&amp;gt;&amp;lt;b&amp;gt;Unknown&amp;lt;/b&amp;gt;: Creation of dynamic property Proxy::$__get is deprecated in &amp;lt;b&amp;gt;/home/vol10_2/epizy.com/epiz_22947413/htdocs/system/engine/proxy.php&amp;lt;/b&amp;gt; on line &amp;lt;b&amp;gt;8&amp;lt;/b&amp;gt;&amp;lt;b&amp;gt;Unknown&amp;lt;/b&amp;gt;: Creation of dynamic property Proxy::$__set is deprecated in &amp;lt;b&amp;gt;/home/vol10_2/epizy.com/epiz_22947413/htdocs/system/engine/proxy.php&amp;lt;/b&amp;gt; on line &amp;lt;b&amp;gt;8&amp;lt;/b&amp;gt;[]}
  (Session info: chrome=117.0.5938.92): SyntaxError: Unexpected token &amp;apos;&amp;lt;&amp;apos;, &amp;quot;&amp;lt;b&amp;gt;Unknown&amp;quot;... is not valid JSON
OK
&amp;lt;b&amp;gt;Unknown&amp;lt;/b&amp;gt;: Creation of dynamic property Proxy::$getEvents is deprecated in &amp;lt;b&amp;gt;/home/vol10_2/epizy.com/epiz_22947413/htdocs/system/engine/proxy.php&amp;lt;/b&amp;gt; on line &amp;lt;b&amp;gt;8&amp;lt;/b&amp;gt;&amp;lt;b&amp;gt;Unknown&amp;lt;/b&amp;gt;: Creation of dynamic property Proxy::$__construct is deprecated in &amp;lt;b&amp;gt;/home/vol10_2/epizy.com/epiz_22947413/htdocs/system/engine/proxy.php&amp;lt;/b&amp;gt; on line &amp;lt;b&amp;gt;8&amp;lt;/b&amp;gt;&amp;lt;b&amp;gt;Unknown&amp;lt;/b&amp;gt;: Creation of dynamic property Proxy::$__get is deprecated in &amp;lt;b&amp;gt;/home/vol10_2/epizy.com/epiz_22947413/htdocs/system/engine/proxy.php&amp;lt;/b&amp;gt; on line &amp;lt;b&amp;gt;8&amp;lt;/b&amp;gt;&amp;lt;b&amp;gt;Unknown&amp;lt;/b&amp;gt;: Creation of dynamic property Proxy::$__set is deprecated in &amp;lt;b&amp;gt;/home/vol10_2/epizy.com/epiz_22947413/htdocs/system/engine/proxy.php&amp;lt;/b&amp;gt; on line &amp;lt;b&amp;gt;8&amp;lt;/b&amp;gt;&amp;lt;b&amp;gt;Unknown&amp;lt;/b&amp;gt;: Creation of dynamic property Proxy::$getCustomField is deprecated in &amp;lt;b&amp;gt;/home/vol10_2/epizy.com/epiz_22947413/htdocs/system/engine/proxy.php&amp;lt;/b&amp;gt; on line &amp;lt;b&amp;gt;8&amp;lt;/b&amp;gt;&amp;lt;b&amp;gt;Unknown&amp;lt;/b&amp;gt;: Creation of dynamic property Proxy::$getCustomFields is deprecated in &amp;lt;b&amp;gt;/home/vol10_2/epizy.com/epiz_22947413/htdocs/system/engine/proxy.php&amp;lt;/b&amp;gt; on line &amp;lt;b&amp;gt;8&amp;lt;/b&amp;gt;&amp;lt;b&amp;gt;Unknown&amp;lt;/b&amp;gt;: Creation of dynamic property Proxy::$__construct is deprecated in &amp;lt;b&amp;gt;/home/vol10_2/epizy.com/epiz_22947413/htdocs/system/engine/proxy.php&amp;lt;/b&amp;gt; on line &amp;lt;b&amp;gt;8&amp;lt;/b&amp;gt;&amp;lt;b&amp;gt;Unknown&amp;lt;/b&amp;gt;: Creation of dynamic property Proxy::$__get is deprecated in &amp;lt;b&amp;gt;/home/vol10_2/epizy.com/epiz_22947413/htdocs/system/engine/proxy.php&amp;lt;/b&amp;gt; on line &amp;lt;b&amp;gt;8&amp;lt;/b&amp;gt;&amp;lt;b&amp;gt;Unknown&amp;lt;/b&amp;gt;: Creation of dynamic property Proxy::$__set is deprecated in &amp;lt;b&amp;gt;/home/vol10_2/epizy.com/epiz_22947413/htdocs/system/engine/proxy.php&amp;lt;/b&amp;gt; on line &amp;lt;b&amp;gt;8&amp;lt;/b&amp;gt;[]
Build info: version: &amp;apos;4.10.0&amp;apos;, revision: &amp;apos;c14d967899&amp;apos;
System info: os.name: &amp;apos;Windows 10&amp;apos;, os.arch: &amp;apos;amd64&amp;apos;, os.version: &amp;apos;10.0&amp;apos;, java.version: &amp;apos;11.0.11&amp;apos;
Driver info: org.openqa.selenium.chrome.ChromeDriver
Command: [be2b6ea5b5ed7196532612e4d00e8ffd, findElement {using=xpath, value=//input[@id=&amp;apos;input-email&amp;apos;]}]
Capabilities {acceptInsecureCerts: false, browserName: chrome, browserVersion: 117.0.5938.92, chrome: {chromedriverVersion: 117.0.5938.88 (be6afae47212..., userDataDir: C:\Users\helo\AppData\Local...}, fedcm:accounts: true, goog:chromeOptions: {debuggerAddress: localhost:59699}, networkConnectionEnabled: false, pageLoadStrategy: normal, platformName: windows, proxy: Proxy(), se:cdp: ws://localhost:59699/devtoo..., se:cdpVersion: 117.0.5938.92, setWindowRect: true, strictFileInteractability: false, timeouts: {implicit: 0, pageLoad: 300000, script: 30000}, unhandledPromptBehavior: dismiss and notify, webauthn:extension:credBlob: true, webauthn:extension:largeBlob: true, webauthn:extension:minPinLength: true, webauthn:extension:prf: true, webauthn:virtualAuthenticators: true}
Session ID: be2b6ea5b5ed7196532612e4d00e8ffd">
      <![CDATA[org.openqa.selenium.UnhandledAlertException: unexpected alert open: {Alert text : SyntaxError: Unexpected token '<', "<b>Unknown"... is not valid JSON
OK
<b>Unknown</b>: Creation of dynamic property Proxy::$getEvents is deprecated in <b>/home/vol10_2/epizy.com/epiz_22947413/htdocs/system/engine/proxy.php</b> on line <b>8</b><b>Unknown</b>: Creation of dynamic property Proxy::$__construct is deprecated in <b>/home/vol10_2/epizy.com/epiz_22947413/htdocs/system/engine/proxy.php</b> on line <b>8</b><b>Unknown</b>: Creation of dynamic property Proxy::$__get is deprecated in <b>/home/vol10_2/epizy.com/epiz_22947413/htdocs/system/engine/proxy.php</b> on line <b>8</b><b>Unknown</b>: Creation of dynamic property Proxy::$__set is deprecated in <b>/home/vol10_2/epizy.com/epiz_22947413/htdocs/system/engine/proxy.php</b> on line <b>8</b><b>Unknown</b>: Creation of dynamic property Proxy::$getCustomField is deprecated in <b>/home/vol10_2/epizy.com/epiz_22947413/htdocs/system/engine/proxy.php</b> on line <b>8</b><b>Unknown</b>: Creation of dynamic property Proxy::$getCustomFields is deprecated in <b>/home/vol10_2/epizy.com/epiz_22947413/htdocs/system/engine/proxy.php</b> on line <b>8</b><b>Unknown</b>: Creation of dynamic property Proxy::$__construct is deprecated in <b>/home/vol10_2/epizy.com/epiz_22947413/htdocs/system/engine/proxy.php</b> on line <b>8</b><b>Unknown</b>: Creation of dynamic property Proxy::$__get is deprecated in <b>/home/vol10_2/epizy.com/epiz_22947413/htdocs/system/engine/proxy.php</b> on line <b>8</b><b>Unknown</b>: Creation of dynamic property Proxy::$__set is deprecated in <b>/home/vol10_2/epizy.com/epiz_22947413/htdocs/system/engine/proxy.php</b> on line <b>8</b>[]}
  (Session info: chrome=117.0.5938.92): SyntaxError: Unexpected token '<', "<b>Unknown"... is not valid JSON
OK
<b>Unknown</b>: Creation of dynamic property Proxy::$getEvents is deprecated in <b>/home/vol10_2/epizy.com/epiz_22947413/htdocs/system/engine/proxy.php</b> on line <b>8</b><b>Unknown</b>: Creation of dynamic property Proxy::$__construct is deprecated in <b>/home/vol10_2/epizy.com/epiz_22947413/htdocs/system/engine/proxy.php</b> on line <b>8</b><b>Unknown</b>: Creation of dynamic property Proxy::$__get is deprecated in <b>/home/vol10_2/epizy.com/epiz_22947413/htdocs/system/engine/proxy.php</b> on line <b>8</b><b>Unknown</b>: Creation of dynamic property Proxy::$__set is deprecated in <b>/home/vol10_2/epizy.com/epiz_22947413/htdocs/system/engine/proxy.php</b> on line <b>8</b><b>Unknown</b>: Creation of dynamic property Proxy::$getCustomField is deprecated in <b>/home/vol10_2/epizy.com/epiz_22947413/htdocs/system/engine/proxy.php</b> on line <b>8</b><b>Unknown</b>: Creation of dynamic property Proxy::$getCustomFields is deprecated in <b>/home/vol10_2/epizy.com/epiz_22947413/htdocs/system/engine/proxy.php</b> on line <b>8</b><b>Unknown</b>: Creation of dynamic property Proxy::$__construct is deprecated in <b>/home/vol10_2/epizy.com/epiz_22947413/htdocs/system/engine/proxy.php</b> on line <b>8</b><b>Unknown</b>: Creation of dynamic property Proxy::$__get is deprecated in <b>/home/vol10_2/epizy.com/epiz_22947413/htdocs/system/engine/proxy.php</b> on line <b>8</b><b>Unknown</b>: Creation of dynamic property Proxy::$__set is deprecated in <b>/home/vol10_2/epizy.com/epiz_22947413/htdocs/system/engine/proxy.php</b> on line <b>8</b>[]
Build info: version: '4.10.0', revision: 'c14d967899'
System info: os.name: 'Windows 10', os.arch: 'amd64', os.version: '10.0', java.version: '11.0.11'
Driver info: org.openqa.selenium.chrome.ChromeDriver
Command: [be2b6ea5b5ed7196532612e4d00e8ffd, findElement {using=xpath, value=//input[@id='input-email']}]
Capabilities {acceptInsecureCerts: false, browserName: chrome, browserVersion: 117.0.5938.92, chrome: {chromedriverVersion: 117.0.5938.88 (be6afae47212..., userDataDir: C:\Users\helo\AppData\Local...}, fedcm:accounts: true, goog:chromeOptions: {debuggerAddress: localhost:59699}, networkConnectionEnabled: false, pageLoadStrategy: normal, platformName: windows, proxy: Proxy(), se:cdp: ws://localhost:59699/devtoo..., se:cdpVersion: 117.0.5938.92, setWindowRect: true, strictFileInteractability: false, timeouts: {implicit: 0, pageLoad: 300000, script: 30000}, unhandledPromptBehavior: dismiss and notify, webauthn:extension:credBlob: true, webauthn:extension:largeBlob: true, webauthn:extension:minPinLength: true, webauthn:extension:prf: true, webauthn:virtualAuthenticators: true}
Session ID: be2b6ea5b5ed7196532612e4d00e8ffd
at org.openqa.selenium.remote.codec.w3c.W3CHttpResponseCodec.decode(W3CHttpResponseCodec.java:130)
at org.openqa.selenium.remote.codec.w3c.W3CHttpResponseCodec.decode(W3CHttpResponseCodec.java:51)
at org.openqa.selenium.remote.HttpCommandExecutor.execute(HttpCommandExecutor.java:191)
at org.openqa.selenium.remote.service.DriverCommandExecutor.invokeExecute(DriverCommandExecutor.java:196)
at org.openqa.selenium.remote.service.DriverCommandExecutor.execute(DriverCommandExecutor.java:171)
at org.openqa.selenium.remote.RemoteWebDriver.execute(RemoteWebDriver.java:531)
at org.openqa.selenium.remote.ElementLocation$ElementFinder$2.findElement(ElementLocation.java:165)
at org.openqa.selenium.remote.ElementLocation.findElement(ElementLocation.java:59)
at org.openqa.selenium.remote.RemoteWebDriver.findElement(RemoteWebDriver.java:350)
at org.openqa.selenium.remote.RemoteWebDriver.findElement(RemoteWebDriver.java:344)
at lv493taqc.opencard.pages.guest.RegisterPage.initElements(RegisterPage.java:22)
at lv493taqc.opencard.pages.guest.RegisterPage.<init>(RegisterPage.java:17)
at lv493taqc.opencard.tests.SmokeTest.unsuccessfulRegister(SmokeTest.java:109)
at java.base/jdk.internal.reflect.NativeMethodAccessorImpl.invoke0(Native Method)
at java.base/jdk.internal.reflect.NativeMethodAccessorImpl.invoke(NativeMethodAccessorImpl.java:62)
at java.base/jdk.internal.reflect.DelegatingMethodAccessorImpl.invoke(DelegatingMethodAccessorImpl.java:43)
at java.base/java.lang.reflect.Method.invoke(Method.java:566)
at org.testng.internal.MethodInvocationHelper.invokeMethod(MethodInvocationHelper.java:133)
at org.testng.internal.TestInvoker.invokeMethod(TestInvoker.java:598)
at org.testng.internal.TestInvoker.invokeTestMethod(TestInvoker.java:173)
at org.testng.internal.MethodRunner.runInSequence(MethodRunner.java:46)
at org.testng.internal.TestInvoker$MethodInvocationAgent.invoke(TestInvoker.java:824)
at org.testng.internal.TestInvoker.invokeTestMethods(TestInvoker.java:146)
at org.testng.internal.TestMethodWorker.invokeTestMethods(TestMethodWorker.java:146)
at org.testng.internal.TestMethodWorker.run(TestMethodWorker.java:128)
at java.base/java.util.ArrayList.forEach(ArrayList.java:1541)
at org.testng.TestRunner.privateRun(TestRunner.java:794)
at org.testng.TestRunner.run(TestRunner.java:596)
at org.testng.SuiteRunner.runTest(SuiteRunner.java:377)
at org.testng.SuiteRunner.runSequentially(SuiteRunner.java:371)
at org.testng.SuiteRunner.privateRun(SuiteRunner.java:332)
at org.testng.SuiteRunner.run(SuiteRunner.java:276)
at org.testng.SuiteRunnerWorker.runSuite(SuiteRunnerWorker.java:53)
at org.testng.SuiteRunnerWorker.run(SuiteRunnerWorker.java:96)
at org.testng.TestNG.runSuitesSequentially(TestNG.java:1212)
at org.testng.TestNG.runSuitesLocally(TestNG.java:1134)
at org.testng.TestNG.runSuites(TestNG.java:1063)
at org.testng.TestNG.run(TestNG.java:1031)
at org.testng.remote.AbstractRemoteTestNG.run(AbstractRemoteTestNG.java:115)
at org.testng.remote.RemoteTestNG.initAndRun(RemoteTestNG.java:251)
at org.testng.remote.RemoteTestNG.main(RemoteTestNG.java:77)
]]>
    </failure>
  </testcase> <!-- unsuccessfulRegister -->
</testsuite> <!-- Default test -->
