<?xml version="1.0" encoding="UTF-8"?>
<!-- Generated by org.testng.reporters.JUnitXMLReporter -->
<testsuite ignored="0" hostname="DESKTOP-H7F0JOM" failures="0" tests="3" name="Default test" time="40.156" errors="0" timestamp="2023-09-28T09:43:04 EEST">
  <testcase classname="lv493taqc.opencard.tests.SmokeTest" name="smokeTest1" time="11.312"/>
  <testcase classname="lv493taqc.opencard.tests.SmokeTest" name="smokeTest2" time="6.961"/>
  <testcase classname="lv493taqc.opencard.tests.SmokeTest" name="unsuccessfulLogin" time="12.612"/>
</testsuite> <!-- Default test -->
