<?xml version="1.0" encoding="UTF-8"?>
<testng-results ignored="0" total="1" passed="1" failed="0" skipped="0">
  <reporter-output>
  </reporter-output>
  <suite started-at="2022-05-12T15:40:41 EEST" name="Default suite" finished-at="2022-05-12T15:40:57 EEST" duration-ms="15547">
    <groups>
    </groups>
    <test started-at="2022-05-12T15:40:41 EEST" name="Default test" finished-at="2022-05-12T15:40:57 EEST" duration-ms="15547">
      <class name="lv493taqc.opencard.OpenCardTest">
        <test-method signature="unsuccessfulLogi()[pri:0, instance:lv493taqc.opencard.OpenCardTest@671a5887]" started-at="2022-05-12T15:40:42 EEST" name="unsuccessfulLogi" finished-at="2022-05-12T15:40:57 EEST" duration-ms="15454" status="PASS">
          <reporter-output>
          </reporter-output>
        </test-method> <!-- unsuccessfulLogi -->
      </class> <!-- lv493taqc.opencard.OpenCardTest -->
    </test> <!-- Default test -->
  </suite> <!-- Default suite -->
</testng-results>
