<?xml version="1.0" encoding="UTF-8"?>
<testng-results ignored="0" total="3" passed="3" failed="0" skipped="0">
  <reporter-output>
  </reporter-output>
  <suite started-at="2023-10-01T12:35:47 EEST" name="Default suite" finished-at="2023-10-01T12:36:16 EEST" duration-ms="28673">
    <groups>
    </groups>
    <test started-at="2023-10-01T12:35:47 EEST" name="Default test" finished-at="2023-10-01T12:36:16 EEST" duration-ms="28673">
      <class name="lv493taqc.opencard.tests.SmokeTest">
        <test-method is-config="true" signature="beforeTest()[pri:0, instance:lv493taqc.opencard.tests.SmokeTest@79da8dc5]" started-at="2023-10-01T12:35:47 EEST" name="beforeTest" finished-at="2023-10-01T12:35:47 EEST" duration-ms="12" status="PASS">
          <reporter-output>
          </reporter-output>
        </test-method> <!-- beforeTest -->
        <test-method is-config="true" signature="beforeClass()[pri:0, instance:lv493taqc.opencard.tests.SmokeTest@79da8dc5]" started-at="2023-10-01T12:35:47 EEST" name="beforeClass" finished-at="2023-10-01T12:35:55 EEST" duration-ms="8148" status="PASS">
          <reporter-output>
          </reporter-output>
        </test-method> <!-- beforeClass -->
        <test-method signature="loginPage()[pri:0, instance:lv493taqc.opencard.tests.SmokeTest@79da8dc5]" started-at="2023-10-01T12:35:55 EEST" name="loginPage" finished-at="2023-10-01T12:36:10 EEST" duration-ms="14426" status="PASS">
          <reporter-output>
          </reporter-output>
        </test-method> <!-- loginPage -->
        <test-method signature="registerPage()[pri:0, instance:lv493taqc.opencard.tests.SmokeTest@79da8dc5]" started-at="2023-10-01T12:36:10 EEST" name="registerPage" finished-at="2023-10-01T12:36:13 EEST" duration-ms="3155" status="PASS">
          <reporter-output>
          </reporter-output>
        </test-method> <!-- registerPage -->
        <test-method signature="smokeTest()[pri:0, instance:lv493taqc.opencard.tests.SmokeTest@79da8dc5]" started-at="2023-10-01T12:36:13 EEST" name="smokeTest" finished-at="2023-10-01T12:36:15 EEST" duration-ms="1920" status="PASS">
          <reporter-output>
          </reporter-output>
        </test-method> <!-- smokeTest -->
        <test-method is-config="true" signature="afterClass()[pri:0, instance:lv493taqc.opencard.tests.SmokeTest@79da8dc5]" started-at="2023-10-01T12:36:15 EEST" name="afterClass" finished-at="2023-10-01T12:36:16 EEST" duration-ms="931" status="PASS">
          <reporter-output>
          </reporter-output>
        </test-method> <!-- afterClass -->
        <test-method is-config="true" signature="afterTest()[pri:0, instance:lv493taqc.opencard.tests.SmokeTest@79da8dc5]" started-at="2023-10-01T12:36:16 EEST" name="afterTest" finished-at="2023-10-01T12:36:16 EEST" duration-ms="1" status="PASS">
          <reporter-output>
          </reporter-output>
        </test-method> <!-- afterTest -->
      </class> <!-- lv493taqc.opencard.tests.SmokeTest -->
    </test> <!-- Default test -->
  </suite> <!-- Default suite -->
</testng-results>
